<?xml version="1.0" encoding="UTF-8"?>
<!-- Generated by org.testng.reporters.JUnitXMLReporter -->
<testsuite ignored="0" hostname="DESKTOP-36BU1KS" failures="0" tests="3" name="Regression Test" time="13.71" errors="0" timestamp="09 Mar 2021 19:07:04 GMT">
  <testcase classname="tests.task_scenario" name="login" time="6.139"/>
  <testcase classname="tests.task_scenario" name="adduserAnd_check_UserDetails" time="5.973"/>
  <testcase classname="tests.task_scenario" name="check_UserDetails" time="1.499"/>
</testsuite> <!-- Regression Test -->
